<?xml version="1.0" encoding="UTF-8"?>
<!-- Generated by org.testng.reporters.JUnitReportReporter -->
<testsuite skipped="0" hostname="ATMECSINDT-046" name="com.atmecs.automation.testscripts.PurchasingProduct" tests="2" failures="0" timestamp="13 Nov 2019 10:54:50 GMT" time="18.839" errors="0">
  <testcase name="verifyCart" time="6.804" classname="com.atmecs.automation.testscripts.PurchasingProduct"/>
  <testcase name="addingPdtsToCart" time="12.035" classname="com.atmecs.automation.testscripts.PurchasingProduct"/>
</testsuite> <!-- com.atmecs.automation.testscripts.PurchasingProduct -->
