<?xml version="1.0" encoding="UTF-8"?>
<!-- Generated by org.testng.reporters.JUnitReportReporter -->
<testsuite skipped="0" hostname="ATMECSINDT-046" name="com.atmecs.automation.testscripts.HeatClinicAutomation" tests="1" failures="0" timestamp="15 Nov 2019 05:50:34 GMT" time="15.203" errors="0">
  <testcase name="shoppingautomation" time="15.203" classname="com.atmecs.automation.testscripts.HeatClinicAutomation"/>
</testsuite> <!-- com.atmecs.automation.testscripts.HeatClinicAutomation -->
