<?xml version="1.0" encoding="UTF-8"?>
<!-- Generated by org.testng.reporters.JUnitReportReporter -->
<testsuite skipped="0" hostname="ATMECSINDT-046" name="com.atmecs.automation.testscripts.PurchasingProduct" tests="2" failures="0" timestamp="15 Nov 2019 06:08:21 GMT" time="33.061" errors="0">
  <testcase name="verifyCart" time="11.706" classname="com.atmecs.automation.testscripts.PurchasingProduct"/>
  <testcase name="addingPdtsToCart" time="21.355" classname="com.atmecs.automation.testscripts.PurchasingProduct"/>
</testsuite> <!-- com.atmecs.automation.testscripts.PurchasingProduct -->
